{"/Users/lecube/Development/self/focu/src/lib/local_database/index.ts": {"path":"/Users/lecube/Development/self/focu/src/lib/local_database/index.ts","all":false,"statementMap":{"0":{"start":{"line":1,"column":0},"end":{"line":1,"column":34}},"1":{"start":{"line":2,"column":0},"end":{"line":2,"column":106}},"2":{"start":{"line":3,"column":0},"end":{"line":3,"column":0}},"3":{"start":{"line":4,"column":0},"end":{"line":4,"column":12}},"4":{"start":{"line":5,"column":0},"end":{"line":5,"column":28}},"5":{"start":{"line":6,"column":0},"end":{"line":6,"column":31}},"6":{"start":{"line":7,"column":0},"end":{"line":7,"column":29}},"7":{"start":{"line":8,"column":0},"end":{"line":8,"column":0}},"8":{"start":{"line":9,"column":0},"end":{"line":9,"column":44}},"9":{"start":{"line":10,"column":0},"end":{"line":10,"column":0}},"10":{"start":{"line":11,"column":0},"end":{"line":11,"column":32}},"11":{"start":{"line":12,"column":0},"end":{"line":12,"column":39}},"12":{"start":{"line":13,"column":0},"end":{"line":13,"column":0}},"13":{"start":{"line":14,"column":0},"end":{"line":14,"column":19}},"14":{"start":{"line":15,"column":0},"end":{"line":15,"column":43}},"15":{"start":{"line":16,"column":0},"end":{"line":16,"column":74}},"16":{"start":{"line":17,"column":0},"end":{"line":17,"column":0}},"17":{"start":{"line":18,"column":0},"end":{"line":18,"column":73}},"18":{"start":{"line":19,"column":0},"end":{"line":19,"column":0}},"19":{"start":{"line":20,"column":0},"end":{"line":20,"column":34}},"20":{"start":{"line":21,"column":0},"end":{"line":21,"column":34}},"21":{"start":{"line":22,"column":0},"end":{"line":22,"column":36}},"22":{"start":{"line":23,"column":0},"end":{"line":23,"column":4}},"23":{"start":{"line":24,"column":0},"end":{"line":24,"column":68}},"24":{"start":{"line":25,"column":0},"end":{"line":25,"column":42}},"25":{"start":{"line":26,"column":0},"end":{"line":26,"column":38}},"26":{"start":{"line":27,"column":0},"end":{"line":27,"column":4}},"27":{"start":{"line":28,"column":0},"end":{"line":28,"column":31}},"28":{"start":{"line":29,"column":0},"end":{"line":29,"column":4}},"29":{"start":{"line":30,"column":0},"end":{"line":30,"column":2}},"30":{"start":{"line":31,"column":0},"end":{"line":31,"column":0}},"31":{"start":{"line":32,"column":0},"end":{"line":32,"column":60}},"32":{"start":{"line":33,"column":0},"end":{"line":33,"column":33}},"33":{"start":{"line":34,"column":0},"end":{"line":34,"column":2}},"34":{"start":{"line":35,"column":0},"end":{"line":35,"column":0}},"35":{"start":{"line":36,"column":0},"end":{"line":36,"column":91}},"36":{"start":{"line":37,"column":0},"end":{"line":37,"column":28}},"37":{"start":{"line":38,"column":0},"end":{"line":38,"column":13}},"38":{"start":{"line":39,"column":0},"end":{"line":39,"column":24}},"39":{"start":{"line":40,"column":0},"end":{"line":40,"column":9}},"40":{"start":{"line":41,"column":0},"end":{"line":41,"column":4}},"41":{"start":{"line":42,"column":0},"end":{"line":42,"column":3}},"42":{"start":{"line":43,"column":0},"end":{"line":43,"column":2}},"43":{"start":{"line":44,"column":0},"end":{"line":44,"column":0}},"44":{"start":{"line":45,"column":0},"end":{"line":45,"column":50}},"45":{"start":{"line":46,"column":0},"end":{"line":46,"column":23}},"46":{"start":{"line":47,"column":0},"end":{"line":47,"column":34}},"47":{"start":{"line":48,"column":0},"end":{"line":48,"column":3}},"48":{"start":{"line":49,"column":0},"end":{"line":49,"column":91}},"49":{"start":{"line":50,"column":0},"end":{"line":50,"column":2}},"50":{"start":{"line":51,"column":0},"end":{"line":51,"column":0}},"51":{"start":{"line":52,"column":0},"end":{"line":52,"column":69}},"52":{"start":{"line":53,"column":0},"end":{"line":53,"column":21}},"53":{"start":{"line":54,"column":0},"end":{"line":54,"column":43}},"54":{"start":{"line":55,"column":0},"end":{"line":55,"column":70}},"55":{"start":{"line":56,"column":0},"end":{"line":56,"column":55}},"56":{"start":{"line":57,"column":0},"end":{"line":57,"column":0}},"57":{"start":{"line":58,"column":0},"end":{"line":58,"column":50}},"58":{"start":{"line":59,"column":0},"end":{"line":59,"column":0}},"59":{"start":{"line":60,"column":0},"end":{"line":60,"column":52}},"60":{"start":{"line":61,"column":0},"end":{"line":61,"column":84}},"61":{"start":{"line":62,"column":0},"end":{"line":62,"column":4}},"62":{"start":{"line":63,"column":0},"end":{"line":63,"column":2}},"63":{"start":{"line":64,"column":0},"end":{"line":64,"column":0}},"64":{"start":{"line":65,"column":0},"end":{"line":65,"column":69}},"65":{"start":{"line":66,"column":0},"end":{"line":66,"column":21}},"66":{"start":{"line":67,"column":0},"end":{"line":67,"column":43}},"67":{"start":{"line":68,"column":0},"end":{"line":68,"column":71}},"68":{"start":{"line":69,"column":0},"end":{"line":69,"column":50}},"69":{"start":{"line":70,"column":0},"end":{"line":70,"column":0}},"70":{"start":{"line":71,"column":0},"end":{"line":71,"column":56}},"71":{"start":{"line":72,"column":0},"end":{"line":72,"column":0}},"72":{"start":{"line":73,"column":0},"end":{"line":73,"column":67}},"73":{"start":{"line":74,"column":0},"end":{"line":74,"column":88}},"74":{"start":{"line":75,"column":0},"end":{"line":75,"column":4}},"75":{"start":{"line":76,"column":0},"end":{"line":76,"column":2}},"76":{"start":{"line":77,"column":0},"end":{"line":77,"column":0}},"77":{"start":{"line":78,"column":0},"end":{"line":78,"column":0}},"78":{"start":{"line":79,"column":0},"end":{"line":79,"column":80}},"79":{"start":{"line":80,"column":0},"end":{"line":80,"column":21}},"80":{"start":{"line":81,"column":0},"end":{"line":81,"column":43}},"81":{"start":{"line":82,"column":0},"end":{"line":82,"column":71}},"82":{"start":{"line":83,"column":0},"end":{"line":83,"column":50}},"83":{"start":{"line":84,"column":0},"end":{"line":84,"column":0}},"84":{"start":{"line":85,"column":0},"end":{"line":85,"column":42}},"85":{"start":{"line":86,"column":0},"end":{"line":86,"column":0}},"86":{"start":{"line":87,"column":0},"end":{"line":87,"column":47}},"87":{"start":{"line":88,"column":0},"end":{"line":88,"column":96}},"88":{"start":{"line":89,"column":0},"end":{"line":89,"column":4}},"89":{"start":{"line":90,"column":0},"end":{"line":90,"column":2}},"90":{"start":{"line":91,"column":0},"end":{"line":91,"column":1}}},"s":{"0":1,"1":1,"2":1,"3":1,"4":1,"5":1,"6":1,"7":1,"8":1,"9":1,"10":1,"11":1,"12":1,"13":1,"14":2,"15":2,"16":1,"17":1,"18":1,"19":1,"20":1,"21":1,"22":1,"23":1,"24":1,"25":1,"26":1,"27":1,"28":2,"29":2,"30":1,"31":1,"32":1,"33":1,"34":1,"35":1,"36":1,"37":1,"38":1,"39":1,"40":1,"41":1,"42":1,"43":1,"44":1,"45":1,"46":1,"47":1,"48":1,"49":1,"50":1,"51":1,"52":0,"53":0,"54":0,"55":0,"56":0,"57":0,"58":0,"59":0,"60":0,"61":0,"62":0,"63":1,"64":1,"65":0,"66":0,"67":0,"68":0,"69":0,"70":0,"71":0,"72":0,"73":0,"74":0,"75":0,"76":1,"77":1,"78":1,"79":0,"80":0,"81":0,"82":0,"83":0,"84":0,"85":0,"86":0,"87":0,"88":0,"89":0,"90":2},"branchMap":{"0":{"type":"branch","line":5,"loc":{"start":{"line":5,"column":7},"end":{"line":91,"column":1}},"locations":[{"start":{"line":5,"column":7},"end":{"line":91,"column":1}}]},"1":{"type":"branch","line":12,"loc":{"start":{"line":12,"column":1},"end":{"line":12,"column":39}},"locations":[{"start":{"line":12,"column":1},"end":{"line":12,"column":39}}]},"2":{"type":"branch","line":14,"loc":{"start":{"line":14,"column":9},"end":{"line":30,"column":2}},"locations":[{"start":{"line":14,"column":9},"end":{"line":30,"column":2}}]},"3":{"type":"branch","line":15,"loc":{"start":{"line":15,"column":21},"end":{"line":29,"column":3}},"locations":[{"start":{"line":15,"column":21},"end":{"line":29,"column":3}}]},"4":{"type":"branch","line":16,"loc":{"start":{"line":16,"column":22},"end":{"line":28,"column":31}},"locations":[{"start":{"line":16,"column":22},"end":{"line":28,"column":31}}]},"5":{"type":"branch","line":20,"loc":{"start":{"line":20,"column":27},"end":{"line":23,"column":4}},"locations":[{"start":{"line":20,"column":27},"end":{"line":23,"column":4}}]},"6":{"type":"branch","line":24,"loc":{"start":{"line":24,"column":33},"end":{"line":27,"column":4}},"locations":[{"start":{"line":24,"column":33},"end":{"line":27,"column":4}}]},"7":{"type":"branch","line":32,"loc":{"start":{"line":32,"column":22},"end":{"line":34,"column":2}},"locations":[{"start":{"line":32,"column":22},"end":{"line":34,"column":2}}]},"8":{"type":"branch","line":32,"loc":{"start":{"line":32,"column":53},"end":{"line":34,"column":2}},"locations":[{"start":{"line":32,"column":53},"end":{"line":34,"column":2}}]},"9":{"type":"branch","line":36,"loc":{"start":{"line":36,"column":25},"end":{"line":43,"column":2}},"locations":[{"start":{"line":36,"column":25},"end":{"line":43,"column":2}}]},"10":{"type":"branch","line":36,"loc":{"start":{"line":36,"column":56},"end":{"line":43,"column":2}},"locations":[{"start":{"line":36,"column":56},"end":{"line":43,"column":2}}]},"11":{"type":"branch","line":45,"loc":{"start":{"line":45,"column":18},"end":{"line":50,"column":2}},"locations":[{"start":{"line":45,"column":18},"end":{"line":50,"column":2}}]},"12":{"type":"branch","line":91,"loc":{"start":{"line":91,"column":0},"end":{"line":91,"column":1}},"locations":[{"start":{"line":91,"column":0},"end":{"line":91,"column":1}}]}},"b":{"0":[1],"1":[6],"2":[2],"3":[2],"4":[1],"5":[1],"6":[1],"7":[1],"8":[1],"9":[1],"10":[1],"11":[1],"12":[2]},"fnMap":{"0":{"name":"<instance_members_initializer>","decl":{"start":{"line":5,"column":7},"end":{"line":91,"column":1}},"loc":{"start":{"line":5,"column":7},"end":{"line":91,"column":1}},"line":5},"1":{"name":"get database","decl":{"start":{"line":12,"column":1},"end":{"line":12,"column":39}},"loc":{"start":{"line":12,"column":1},"end":{"line":12,"column":39}},"line":12},"2":{"name":"initDb","decl":{"start":{"line":14,"column":9},"end":{"line":30,"column":2}},"loc":{"start":{"line":14,"column":9},"end":{"line":30,"column":2}},"line":14},"3":{"name":"openRequest.onsuccess","decl":{"start":{"line":20,"column":27},"end":{"line":23,"column":4}},"loc":{"start":{"line":20,"column":27},"end":{"line":23,"column":4}},"line":20},"4":{"name":"openRequest.onupgradeneeded","decl":{"start":{"line":24,"column":33},"end":{"line":27,"column":4}},"loc":{"start":{"line":24,"column":33},"end":{"line":27,"column":4}},"line":24},"5":{"name":"handleOpen","decl":{"start":{"line":32,"column":22},"end":{"line":34,"column":2}},"loc":{"start":{"line":32,"column":22},"end":{"line":34,"column":2}},"line":32},"6":{"name":"handleUpgrade","decl":{"start":{"line":36,"column":25},"end":{"line":43,"column":2}},"loc":{"start":{"line":36,"column":25},"end":{"line":43,"column":2}},"line":36},"7":{"name":"create","decl":{"start":{"line":45,"column":18},"end":{"line":50,"column":2}},"loc":{"start":{"line":45,"column":18},"end":{"line":50,"column":2}},"line":45},"8":{"name":"makeGetAllTransaction","decl":{"start":{"line":52,"column":48},"end":{"line":63,"column":2}},"loc":{"start":{"line":52,"column":48},"end":{"line":63,"column":2}},"line":52},"9":{"name":"makeAddTransaction","decl":{"start":{"line":65,"column":42},"end":{"line":76,"column":2}},"loc":{"start":{"line":65,"column":42},"end":{"line":76,"column":2}},"line":65},"10":{"name":"makeDeleteTransaction","decl":{"start":{"line":79,"column":48},"end":{"line":90,"column":2}},"loc":{"start":{"line":79,"column":48},"end":{"line":90,"column":2}},"line":79},"11":{"name":"get","decl":{"start":{"line":91,"column":0},"end":{"line":91,"column":1}},"loc":{"start":{"line":91,"column":0},"end":{"line":91,"column":1}},"line":91}},"f":{"0":1,"1":6,"2":2,"3":1,"4":1,"5":1,"6":1,"7":1,"8":0,"9":0,"10":0,"11":2}}
}
